# JRE version: OpenJDK Runtime Environment (23.0.1+11) (build 23.0.1+11-39)
# Java VM: OpenJDK 64-Bit Server VM (23.0.1+11-39, mixed mode, sharing, tiered, compressed oops, compressed class ptrs, g1 gc, windows-amd64)
GC Precious Log:
 CardTable entry size: 512
 Card Set container configuration: InlinePtr #cards 4 size 8 Array Of Cards #cards 32 size 80 Howl #buckets 8 coarsen threshold 7372 Howl Bitmap #cards 1024 size 144 coarsen threshold 921 Card regions per heap region 1 cards per card region 8192
 CPUs: 16 total, 16 available
 Memory: 31937M
 Large Page Support: Disabled
 NUMA Support: Disabled
 Compressed Oops: Enabled (Zero based)
 Heap Region Size: 4M
 Heap Min Capacity: 8M
 Heap Initial Capacity: 500M
 Heap Max Capacity: 7988M
 Pre-touch: Disabled
 Parallel Workers: 13
 Concurrent Workers: 3
 Concurrent Refinement Workers: 13
 Periodic GC: Disabled
Heap:
 garbage-first heap   total reserved 8179712K, committed 1536000K, used 569344K [0x000000060cc00000, 0x0000000800000000)
  region size 4096K, 5 young (20480K), 4 survivors (16384K)
 Metaspace       used 6830K, committed 7040K, reserved 1114112K
  class space    used 344K, committed 448K, reserved 1048576K
GC Heap History (18 events):
Event: 1.547 GC heap before
{Heap before GC invocations=0 (full 0):
 garbage-first heap   total reserved 8179712K, committed 512000K, used 20480K [0x000000060cc00000, 0x0000000800000000)
  region size 4096K, 6 young (24576K), 0 survivors (0K)
 Metaspace       used 6465K, committed 6656K, reserved 1114112K
  class space    used 333K, committed 448K, reserved 1048576K
}
Event: 1.549 GC heap after
{Heap after GC invocations=1 (full 0):
 garbage-first heap   total reserved 8179712K, committed 512000K, used 7180K [0x000000060cc00000, 0x0000000800000000)
  region size 4096K, 1 young (4096K), 1 survivors (4096K)
 Metaspace       used 6465K, committed 6656K, reserved 1114112K
  class space    used 333K, committed 448K, reserved 1048576K
}
Event: 1.579 GC heap before
{Heap before GC invocations=1 (full 0):
 garbage-first heap   total reserved 8179712K, committed 512000K, used 44044K [0x000000060cc00000, 0x0000000800000000)
  region size 4096K, 6 young (24576K), 1 survivors (4096K)
 Metaspace       used 6468K, committed 6656K, reserved 1114112K
  class space    used 333K, committed 448K, reserved 1048576K
}
Event: 1.584 GC heap after
{Heap after GC invocations=2 (full 0):
 garbage-first heap   total reserved 8179712K, committed 512000K, used 36503K [0x000000060cc00000, 0x0000000800000000)
  region size 4096K, 1 young (4096K), 1 survivors (4096K)
 Metaspace       used 6468K, committed 6656K, reserved 1114112K
  class space    used 333K, committed 448K, reserved 1048576K
}
Event: 1.600 GC heap before
{Heap before GC invocations=2 (full 0):
 garbage-first heap   total reserved 8179712K, committed 512000K, used 102039K [0x000000060cc00000, 0x0000000800000000)
  region size 4096K, 8 young (32768K), 1 survivors (4096K)
 Metaspace       used 6468K, committed 6656K, reserved 1114112K
  class space    used 333K, committed 448K, reserved 1048576K
}
Event: 1.615 GC heap after
{Heap after GC invocations=3 (full 0):
 garbage-first heap   total reserved 8179712K, committed 512000K, used 104478K [0x000000060cc00000, 0x0000000800000000)
  region size 4096K, 1 young (4096K), 1 survivors (4096K)
 Metaspace       used 6468K, committed 6656K, reserved 1114112K
  class space    used 333K, committed 448K, reserved 1048576K
}
Event: 1.629 GC heap before
{Heap before GC invocations=3 (full 0):
 garbage-first heap   total reserved 8179712K, committed 512000K, used 161822K [0x000000060cc00000, 0x0000000800000000)
  region size 4096K, 9 young (36864K), 1 survivors (4096K)
 Metaspace       used 6468K, committed 6656K, reserved 1114112K
  class space    used 333K, committed 448K, reserved 1048576K
}
Event: 1.642 GC heap after
{Heap after GC invocations=4 (full 0):
 garbage-first heap   total reserved 8179712K, committed 512000K, used 165033K [0x000000060cc00000, 0x0000000800000000)
  region size 4096K, 2 young (8192K), 2 survivors (8192K)
 Metaspace       used 6468K, committed 6656K, reserved 1114112K
  class space    used 333K, committed 448K, reserved 1048576K
}
Event: 1.657 GC heap before
{Heap before GC invocations=4 (full 0):
 garbage-first heap   total reserved 8179712K, committed 512000K, used 234665K [0x000000060cc00000, 0x0000000800000000)
  region size 4096K, 10 young (40960K), 2 survivors (8192K)
 Metaspace       used 6468K, committed 6656K, reserved 1114112K
  class space    used 333K, committed 448K, reserved 1048576K
}
Event: 1.675 GC heap after
{Heap after GC invocations=5 (full 0):
 garbage-first heap   total reserved 8179712K, committed 512000K, used 238025K [0x000000060cc00000, 0x0000000800000000)
  region size 4096K, 2 young (8192K), 2 survivors (8192K)
 Metaspace       used 6468K, committed 6656K, reserved 1114112K
  class space    used 333K, committed 448K, reserved 1048576K
}
Event: 1.683 GC heap before
{Heap before GC invocations=5 (full 0):
 garbage-first heap   total reserved 8179712K, committed 512000K, used 270793K [0x000000060cc00000, 0x0000000800000000)
  region size 4096K, 11 young (45056K), 2 survivors (8192K)
 Metaspace       used 6468K, committed 6656K, reserved 1114112K
  class space    used 333K, committed 448K, reserved 1048576K
}
Event: 1.694 GC heap after
{Heap after GC invocations=6 (full 0):
 garbage-first heap   total reserved 8179712K, committed 1536000K, used 274955K [0x000000060cc00000, 0x0000000800000000)
  region size 4096K, 2 young (8192K), 2 survivors (8192K)
 Metaspace       used 6468K, committed 6656K, reserved 1114112K
  class space    used 333K, committed 448K, reserved 1048576K
}
Event: 1.736 GC heap before
{Heap before GC invocations=6 (full 0):
 garbage-first heap   total reserved 8179712K, committed 1536000K, used 397835K [0x000000060cc00000, 0x0000000800000000)
  region size 4096K, 18 young (73728K), 2 survivors (8192K)
 Metaspace       used 6468K, committed 6656K, reserved 1114112K
  class space    used 333K, committed 448K, reserved 1048576K
}
Event: 1.755 GC heap after
{Heap after GC invocations=7 (full 0):
 garbage-first heap   total reserved 8179712K, committed 1536000K, used 403936K [0x000000060cc00000, 0x0000000800000000)
  region size 4096K, 3 young (12288K), 3 survivors (12288K)
 Metaspace       used 6468K, committed 6656K, reserved 1114112K
  class space    used 333K, committed 448K, reserved 1048576K
}
Event: 1.794 GC heap before
{Heap before GC invocations=7 (full 0):
 garbage-first heap   total reserved 8179712K, committed 1536000K, used 559584K [0x000000060cc00000, 0x0000000800000000)
  region size 4096K, 21 young (86016K), 3 survivors (12288K)
 Metaspace       used 6468K, committed 6656K, reserved 1114112K
  class space    used 333K, committed 448K, reserved 1048576K
}
Event: 1.816 GC heap after
{Heap after GC invocations=8 (full 0):
 garbage-first heap   total reserved 8179712K, committed 1536000K, used 567752K [0x000000060cc00000, 0x0000000800000000)
  region size 4096K, 3 young (12288K), 3 survivors (12288K)
 Metaspace       used 6468K, committed 6656K, reserved 1114112K
  class space    used 333K, committed 448K, reserved 1048576K
}
Event: 1.852 GC heap before
{Heap before GC invocations=8 (full 0):
 garbage-first heap   total reserved 8179712K, committed 1536000K, used 731592K [0x000000060cc00000, 0x0000000800000000)
  region size 4096K, 14 young (57344K), 3 survivors (12288K)
 Metaspace       used 6468K, committed 6656K, reserved 1114112K
  class space    used 333K, committed 448K, reserved 1048576K
}
Event: 1.873 GC heap after
{Heap after GC invocations=9 (full 0):
 garbage-first heap   total reserved 8179712K, committed 1536000K, used 741376K [0x000000060cc00000, 0x0000000800000000)
  region size 4096K, 4 young (16384K), 4 survivors (16384K)
 Metaspace       used 6468K, committed 6656K, reserved 1114112K
  class space    used 333K, committed 448K, reserved 1048576K
}

