# JRE version: OpenJDK Runtime Environment (23.0.1+11) (build 23.0.1+11-39)
# Java VM: OpenJDK 64-Bit Server VM (23.0.1+11-39, mixed mode, sharing, tiered, compressed oops, compressed class ptrs, g1 gc, windows-amd64)
GC Precious Log:
 CardTable entry size: 512
 Card Set container configuration: InlinePtr #cards 4 size 8 Array Of Cards #cards 32 size 80 Howl #buckets 8 coarsen threshold 7372 Howl Bitmap #cards 1024 size 144 coarsen threshold 921 Card regions per heap region 1 cards per card region 8192
 CPUs: 16 total, 16 available
 Memory: 31937M
 Large Page Support: Disabled
 NUMA Support: Disabled
 Compressed Oops: Enabled (Zero based)
 Heap Region Size: 4M
 Heap Min Capacity: 8M
 Heap Initial Capacity: 500M
 Heap Max Capacity: 7988M
 Pre-touch: Disabled
 Parallel Workers: 13
 Concurrent Workers: 3
 Concurrent Refinement Workers: 13
 Periodic GC: Disabled
Heap:
 garbage-first heap   total reserved 8179712K, committed 1536000K, used 566307K [0x000000060cc00000, 0x0000000800000000)
  region size 4096K, 5 young (20480K), 4 survivors (16384K)
 Metaspace       used 6829K, committed 7040K, reserved 1114112K
  class space    used 343K, committed 448K, reserved 1048576K
GC Heap History (18 events):
Event: 1.588 GC heap before
{Heap before GC invocations=0 (full 0):
 garbage-first heap   total reserved 8179712K, committed 512000K, used 20480K [0x000000060cc00000, 0x0000000800000000)
  region size 4096K, 6 young (24576K), 0 survivors (0K)
 Metaspace       used 6467K, committed 6656K, reserved 1114112K
  class space    used 333K, committed 448K, reserved 1048576K
}
Event: 1.590 GC heap after
{Heap after GC invocations=1 (full 0):
 garbage-first heap   total reserved 8179712K, committed 512000K, used 6977K [0x000000060cc00000, 0x0000000800000000)
  region size 4096K, 1 young (4096K), 1 survivors (4096K)
 Metaspace       used 6467K, committed 6656K, reserved 1114112K
  class space    used 333K, committed 448K, reserved 1048576K
}
Event: 1.628 GC heap before
{Heap before GC invocations=1 (full 0):
 garbage-first heap   total reserved 8179712K, committed 512000K, used 43841K [0x000000060cc00000, 0x0000000800000000)
  region size 4096K, 6 young (24576K), 1 survivors (4096K)
 Metaspace       used 6469K, committed 6656K, reserved 1114112K
  class space    used 333K, committed 448K, reserved 1048576K
}
Event: 1.634 GC heap after
{Heap after GC invocations=2 (full 0):
 garbage-first heap   total reserved 8179712K, committed 512000K, used 35555K [0x000000060cc00000, 0x0000000800000000)
  region size 4096K, 1 young (4096K), 1 survivors (4096K)
 Metaspace       used 6469K, committed 6656K, reserved 1114112K
  class space    used 333K, committed 448K, reserved 1048576K
}
Event: 1.651 GC heap before
{Heap before GC invocations=2 (full 0):
 garbage-first heap   total reserved 8179712K, committed 512000K, used 101091K [0x000000060cc00000, 0x0000000800000000)
  region size 4096K, 8 young (32768K), 1 survivors (4096K)
 Metaspace       used 6469K, committed 6656K, reserved 1114112K
  class space    used 333K, committed 448K, reserved 1048576K
}
Event: 1.667 GC heap after
{Heap after GC invocations=3 (full 0):
 garbage-first heap   total reserved 8179712K, committed 512000K, used 103627K [0x000000060cc00000, 0x0000000800000000)
  region size 4096K, 1 young (4096K), 1 survivors (4096K)
 Metaspace       used 6469K, committed 6656K, reserved 1114112K
  class space    used 333K, committed 448K, reserved 1048576K
}
Event: 1.681 GC heap before
{Heap before GC invocations=3 (full 0):
 garbage-first heap   total reserved 8179712K, committed 512000K, used 160971K [0x000000060cc00000, 0x0000000800000000)
  region size 4096K, 9 young (36864K), 1 survivors (4096K)
 Metaspace       used 6469K, committed 6656K, reserved 1114112K
  class space    used 333K, committed 448K, reserved 1048576K
}
Event: 1.693 GC heap after
{Heap after GC invocations=4 (full 0):
 garbage-first heap   total reserved 8179712K, committed 512000K, used 163840K [0x000000060cc00000, 0x0000000800000000)
  region size 4096K, 2 young (8192K), 2 survivors (8192K)
 Metaspace       used 6469K, committed 6656K, reserved 1114112K
  class space    used 333K, committed 448K, reserved 1048576K
}
Event: 1.708 GC heap before
{Heap before GC invocations=4 (full 0):
 garbage-first heap   total reserved 8179712K, committed 512000K, used 233472K [0x000000060cc00000, 0x0000000800000000)
  region size 4096K, 10 young (40960K), 2 survivors (8192K)
 Metaspace       used 6469K, committed 6656K, reserved 1114112K
  class space    used 333K, committed 448K, reserved 1048576K
}
Event: 1.723 GC heap after
{Heap after GC invocations=5 (full 0):
 garbage-first heap   total reserved 8179712K, committed 512000K, used 236214K [0x000000060cc00000, 0x0000000800000000)
  region size 4096K, 2 young (8192K), 2 survivors (8192K)
 Metaspace       used 6469K, committed 6656K, reserved 1114112K
  class space    used 333K, committed 448K, reserved 1048576K
}
Event: 1.731 GC heap before
{Heap before GC invocations=5 (full 0):
 garbage-first heap   total reserved 8179712K, committed 512000K, used 268982K [0x000000060cc00000, 0x0000000800000000)
  region size 4096K, 11 young (45056K), 2 survivors (8192K)
 Metaspace       used 6469K, committed 6656K, reserved 1114112K
  class space    used 333K, committed 448K, reserved 1048576K
}
Event: 1.742 GC heap after
{Heap after GC invocations=6 (full 0):
 garbage-first heap   total reserved 8179712K, committed 1536000K, used 272952K [0x000000060cc00000, 0x0000000800000000)
  region size 4096K, 2 young (8192K), 2 survivors (8192K)
 Metaspace       used 6469K, committed 6656K, reserved 1114112K
  class space    used 333K, committed 448K, reserved 1048576K
}
Event: 1.784 GC heap before
{Heap before GC invocations=6 (full 0):
 garbage-first heap   total reserved 8179712K, committed 1536000K, used 395832K [0x000000060cc00000, 0x0000000800000000)
  region size 4096K, 18 young (73728K), 2 survivors (8192K)
 Metaspace       used 6469K, committed 6656K, reserved 1114112K
  class space    used 333K, committed 448K, reserved 1048576K
}
Event: 1.802 GC heap after
{Heap after GC invocations=7 (full 0):
 garbage-first heap   total reserved 8179712K, committed 1536000K, used 401408K [0x000000060cc00000, 0x0000000800000000)
  region size 4096K, 3 young (12288K), 3 survivors (12288K)
 Metaspace       used 6469K, committed 6656K, reserved 1114112K
  class space    used 333K, committed 448K, reserved 1048576K
}
Event: 1.836 GC heap before
{Heap before GC invocations=7 (full 0):
 garbage-first heap   total reserved 8179712K, committed 1536000K, used 557056K [0x000000060cc00000, 0x0000000800000000)
  region size 4096K, 21 young (86016K), 3 survivors (12288K)
 Metaspace       used 6469K, committed 6656K, reserved 1114112K
  class space    used 333K, committed 448K, reserved 1048576K
}
Event: 1.859 GC heap after
{Heap after GC invocations=8 (full 0):
 garbage-first heap   total reserved 8179712K, committed 1536000K, used 564499K [0x000000060cc00000, 0x0000000800000000)
  region size 4096K, 3 young (12288K), 3 survivors (12288K)
 Metaspace       used 6469K, committed 6656K, reserved 1114112K
  class space    used 333K, committed 448K, reserved 1048576K
}
Event: 1.895 GC heap before
{Heap before GC invocations=8 (full 0):
 garbage-first heap   total reserved 8179712K, committed 1536000K, used 728339K [0x000000060cc00000, 0x0000000800000000)
  region size 4096K, 14 young (57344K), 3 survivors (12288K)
 Metaspace       used 6469K, committed 6656K, reserved 1114112K
  class space    used 333K, committed 448K, reserved 1048576K
}
Event: 1.921 GC heap after
{Heap after GC invocations=9 (full 0):
 garbage-first heap   total reserved 8179712K, committed 1536000K, used 738339K [0x000000060cc00000, 0x0000000800000000)
  region size 4096K, 4 young (16384K), 4 survivors (16384K)
 Metaspace       used 6469K, committed 6656K, reserved 1114112K
  class space    used 333K, committed 448K, reserved 1048576K
}

